<?xml version="1.0" encoding="UTF-8" ?>
<testsuite errors="0" failures="1" hostname="laptop" name="edu.ncsu.csc216.wolf_scheduler.course.CourseTest" skipped="0" tests="12" time="0.03" timestamp="2016-11-18T02:31:16">
  <properties>
[...]
</properties>
  <testcase classname="edu.ncsu.csc216.wolf_scheduler.course.CourseTest" name="testSetInstructorId" time="0.001" />
  <testcase classname="edu.ncsu.csc216.wolf_scheduler.course.CourseTest" name="testToString" time="0.001" />
  <testcase classname="edu.ncsu.csc216.wolf_scheduler.course.CourseTest" name="testSetCredits" time="0.0" />
  <testcase classname="edu.ncsu.csc216.wolf_scheduler.course.CourseTest" name="testCourseStringStringStringIntStringStringIntInt" time="0.003">
    <failure type="junit.framework.AssertionFailedError">junit.framework.AssertionFailedError
	at edu.ncsu.csc216.wolf_scheduler.course.CourseTest.testCourseStringStringStringIntStringStringIntInt(CourseTest.java:48)
</failure>
  </testcase>
  <testcase classname="edu.ncsu.csc216.wolf_scheduler.course.CourseTest" name="testGetMeetingString" time="0.0" />
  <testcase classname="edu.ncsu.csc216.wolf_scheduler.course.CourseTest" name="testSetMeetingDays" time="0.0" />
  <testcase classname="edu.ncsu.csc216.wolf_scheduler.course.CourseTest" name="testEqualsObject" time="0.001" />
  <testcase classname="edu.ncsu.csc216.wolf_scheduler.course.CourseTest" name="testSetSection" time="0.0" />
  <testcase classname="edu.ncsu.csc216.wolf_scheduler.course.CourseTest" name="testSetCourseTime" time="0.0" />
  <testcase classname="edu.ncsu.csc216.wolf_scheduler.course.CourseTest" name="testCourseStringStringStringIntStringString" time="0.0" />
  <testcase classname="edu.ncsu.csc216.wolf_scheduler.course.CourseTest" name="testHashCode" time="0.0" />
  <testcase classname="edu.ncsu.csc216.wolf_scheduler.course.CourseTest" name="testSetTitle" time="0.0" />
  <system-out><![CDATA[]]></system-out>
  <system-err><![CDATA[]]></system-err>
</testsuite>
